0 info it worked if it ends with ok
1 verbose cli [ '/Users/sang/.nvm/versions/node/v4.0.0/bin/node',
1 verbose cli   '/Users/sang/.nvm/versions/node/v4.0.0/bin/npm',
1 verbose cli   'info',
1 verbose cli   'offl' ]
2 info using npm@2.14.2
3 info using node@v4.0.0
4 silly mapToRegistry name offl
5 silly mapToRegistry using default registry
6 silly mapToRegistry registry https://registry.npmjs.org/
7 silly mapToRegistry uri https://registry.npmjs.org/offl
8 verbose request uri https://registry.npmjs.org/offl
9 verbose request no auth needed
10 info attempt registry request try #1 at 3:26:06 PM
11 verbose request using bearer token for auth
12 verbose request id e615c659cf1a8d38
13 http request GET https://registry.npmjs.org/offl
14 http 404 https://registry.npmjs.org/offl
15 verbose headers { 'content-type': 'application/json',
15 verbose headers   'cache-control': 'max-age=0',
15 verbose headers   'content-length': '2',
15 verbose headers   'accept-ranges': 'bytes',
15 verbose headers   date: 'Wed, 18 Nov 2015 07:26:02 GMT',
15 verbose headers   via: '1.1 varnish',
15 verbose headers   connection: 'keep-alive',
15 verbose headers   'x-served-by': 'cache-nrt6131-NRT',
15 verbose headers   'x-cache': 'MISS',
15 verbose headers   'x-cache-hits': '0',
15 verbose headers   'x-timer': 'S1447831562.322776,VS0,VE119' }
16 silly get cb [ 404,
16 silly get   { 'content-type': 'application/json',
16 silly get     'cache-control': 'max-age=0',
16 silly get     'content-length': '2',
16 silly get     'accept-ranges': 'bytes',
16 silly get     date: 'Wed, 18 Nov 2015 07:26:02 GMT',
16 silly get     via: '1.1 varnish',
16 silly get     connection: 'keep-alive',
16 silly get     'x-served-by': 'cache-nrt6131-NRT',
16 silly get     'x-cache': 'MISS',
16 silly get     'x-cache-hits': '0',
16 silly get     'x-timer': 'S1447831562.322776,VS0,VE119' } ]
17 verbose stack Error: Registry returned 404 for GET on https://registry.npmjs.org/offl
17 verbose stack     at makeError (/Users/sang/.nvm/versions/node/v4.0.0/lib/node_modules/npm/node_modules/npm-registry-client/lib/request.js:263:12)
17 verbose stack     at CachingRegistryClient.<anonymous> (/Users/sang/.nvm/versions/node/v4.0.0/lib/node_modules/npm/node_modules/npm-registry-client/lib/request.js:241:14)
17 verbose stack     at Request._callback (/Users/sang/.nvm/versions/node/v4.0.0/lib/node_modules/npm/node_modules/npm-registry-client/lib/request.js:171:14)
17 verbose stack     at Request.self.callback (/Users/sang/.nvm/versions/node/v4.0.0/lib/node_modules/npm/node_modules/request/request.js:198:22)
17 verbose stack     at emitTwo (events.js:87:13)
17 verbose stack     at Request.emit (events.js:172:7)
17 verbose stack     at Request.<anonymous> (/Users/sang/.nvm/versions/node/v4.0.0/lib/node_modules/npm/node_modules/request/request.js:1073:14)
17 verbose stack     at emitOne (events.js:82:20)
17 verbose stack     at Request.emit (events.js:169:7)
17 verbose stack     at IncomingMessage.<anonymous> (/Users/sang/.nvm/versions/node/v4.0.0/lib/node_modules/npm/node_modules/request/request.js:1019:12)
18 verbose statusCode 404
19 verbose pkgid offl
20 verbose cwd /Users/sang/book/www.typescriptlang.org
21 error Darwin 14.5.0
22 error argv "/Users/sang/.nvm/versions/node/v4.0.0/bin/node" "/Users/sang/.nvm/versions/node/v4.0.0/bin/npm" "info" "offl"
23 error node v4.0.0
24 error npm  v2.14.2
25 error code E404
26 error 404 Registry returned 404 for GET on https://registry.npmjs.org/offl
26 error 404
26 error 404 'offl' is not in the npm registry.
26 error 404 You should bug the author to publish it (or use the name yourself!)
26 error 404
26 error 404 Note that you can also install from a
26 error 404 tarball, folder, http url, or git url.
27 verbose exit [ 1, true ]
